SF:lib/infra/api_client_adapter.dart
DA:9,1
DA:11,1
DA:14,2
DA:15,1
DA:16,2
LF:5
LH:5
end_of_record
SF:lib/presentation/random_number_bloc.dart
DA:18,1
DA:19,2
DA:21,2
DA:22,2
DA:23,2
DA:25,1
DA:26,1
DA:30,1
DA:31,2
DA:32,0
DA:38,1
DA:39,1
DA:42,1
DA:43,2
DA:44,0
DA:48,1
DA:54,2
DA:55,2
DA:56,1
DA:59,1
DA:62,1
DA:64,1
DA:65,1
DA:69,2
DA:72,2
DA:73,1
DA:76,2
DA:81,1
DA:85,2
DA:86,2
DA:90,1
DA:91,1
DA:92,2
DA:93,1
DA:94,1
DA:100,1
DA:101,2
DA:103,1
DA:108,1
DA:109,3
DA:113,1
DA:115,2
DA:116,1
LF:43
LH:41
end_of_record
SF:lib/presentation/random_number_event.dart
DA:4,0
DA:5,0
DA:16,1
DA:18,0
DA:19,0
LF:5
LH:1
end_of_record
SF:lib/presentation/random_number_state.dart
DA:4,0
DA:5,0
DA:15,1
DA:17,1
DA:18,2
DA:24,1
DA:25,1
DA:26,2
DA:33,2
DA:35,1
DA:36,3
DA:43,2
DA:45,1
DA:46,3
LF:14
LH:12
end_of_record
SF:lib/ui/clock_screen.dart
DA:8,1
DA:10,1
DA:12,1
DA:14,1
DA:19,1
DA:20,1
DA:21,1
DA:23,3
DA:25,1
DA:27,1
DA:28,2
DA:29,1
DA:30,1
DA:36,2
DA:37,1
DA:38,2
DA:39,2
DA:41,1
DA:43,1
DA:45,1
DA:46,1
DA:55,1
LF:22
LH:22
end_of_record
SF:lib/ui/prime_notification_screen.dart
DA:7,1
DA:13,1
DA:15,1
DA:17,2
DA:18,1
DA:20,1
DA:22,1
DA:24,1
DA:27,1
DA:29,1
DA:42,1
DA:43,2
DA:48,1
DA:49,3
DA:54,1
DA:55,1
DA:58,1
DA:59,1
DA:62,0
LF:19
LH:18
end_of_record
SF:lib/presentation/date_helper.dart
DA:3,1
DA:4,5
DA:8,1
DA:9,1
DA:18,1
DA:33,3
DA:34,3
DA:36,3
DA:40,1
DA:41,2
DA:42,5
DA:43,1
DA:46,3
LF:13
LH:13
end_of_record
SF:lib/data/http/random_repository_imp.dart
DA:11,1
DA:13,1
DA:16,3
DA:18,1
DA:20,1
LF:5
LH:5
end_of_record
SF:lib/data/http/remote_random_number.dart
DA:7,1
DA:12,1
DA:14,6
DA:15,0
DA:17,1
DA:18,1
DA:23,1
DA:24,3
LF:8
LH:7
end_of_record
SF:lib/domain/random_number.dart
DA:5,4
DA:7,2
DA:8,4
DA:9,7
DA:10,6
LF:5
LH:5
end_of_record
SF:lib/domain/fetch_random_usecase_imp.dart
DA:9,1
DA:11,1
DA:13,2
LF:3
LH:3
end_of_record
